\BOOKMARK [0][-]{chapter*.1}{\376\377\000D\000e\000d\000i\000c\000a\000t\000\363\000r\000i\000a}{}% 1
\BOOKMARK [0][-]{chapter*.2}{\376\377\000A\000g\000r\000a\000d\000e\000c\000i\000m\000e\000n\000t\000o\000s}{}% 2
\BOOKMARK [0][-]{chapter*.3}{\376\377\000R\000e\000s\000u\000m\000o}{}% 3
\BOOKMARK [0][-]{chapter*.4}{\376\377\000A\000b\000s\000t\000r\000a\000c\000t}{}% 4
\BOOKMARK [0][-]{chapter*.5}{\376\377\000A\000b\000r\000e\000v\000i\000a\000t\000u\000r\000a\000s\000,\000\040\000S\000i\000g\000l\000a\000s\000\040\000e\000\040\000T\000e\000r\000m\000o\000s}{}% 5
\BOOKMARK [0][-]{chapter.1}{\376\377\000I\000n\000t\000r\000o\000d\000u\000\347\000\343\000o}{}% 6
\BOOKMARK [1][-]{section.1.1}{\376\377\000E\000n\000q\000u\000a\000d\000r\000a\000m\000e\000n\000t\000o}{chapter.1}% 7
\BOOKMARK [1][-]{section.1.2}{\376\377\000M\000o\000t\000i\000v\000a\000\347\000\343\000o}{chapter.1}% 8
\BOOKMARK [1][-]{section.1.3}{\376\377\000O\000b\000j\000e\000t\000i\000v\000o\000s}{chapter.1}% 9
\BOOKMARK [1][-]{section.1.4}{\376\377\000M\000e\000t\000o\000d\000o\000l\000o\000g\000i\000a}{chapter.1}% 10
\BOOKMARK [1][-]{section.1.5}{\376\377\000O\000r\000g\000a\000n\000i\000z\000a\000\347\000\343\000o\000\040\000d\000o\000\040\000r\000e\000l\000a\000t\000\363\000r\000i\000o}{chapter.1}% 11
\BOOKMARK [0][-]{chapter.2}{\376\377\000E\000s\000t\000a\000d\000o\000\040\000d\000a\000\040\000A\000r\000t\000e}{}% 12
\BOOKMARK [1][-]{section.2.1}{\376\377\000B\000r\000o\000n\000c\000o\000s\000c\000o\000p\000i\000a\000\040\000e\000\040\000t\000r\000e\000i\000n\000o\000\040\000p\000o\000r\000\040\000s\000i\000m\000u\000l\000a\000\347\000\343\000o}{chapter.2}% 13
\BOOKMARK [1][-]{section.2.2}{\376\377\000F\000i\000d\000e\000l\000i\000d\000a\000d\000e\000\040\000d\000o\000s\000\040\000s\000i\000m\000u\000l\000a\000d\000o\000r\000e\000s}{chapter.2}% 14
\BOOKMARK [1][-]{section.2.3}{\376\377\000S\000i\000m\000u\000l\000a\000d\000o\000r\000e\000s\000\040\000d\000e\000\040\000b\000r\000o\000n\000c\000o\000s\000c\000o\000p\000i\000a}{chapter.2}% 15
\BOOKMARK [1][-]{section.2.4}{\376\377\000I\000m\000p\000r\000e\000s\000s\000\343\000o\000\040\0003\000D\000\040\000a\000p\000l\000i\000c\000a\000d\000a\000\040\000\340\000\040\000s\000i\000m\000u\000l\000a\000\347\000\343\000o\000\040\000m\000\351\000d\000i\000c\000a}{chapter.2}% 16
\BOOKMARK [1][-]{section.2.5}{\376\377\000M\000o\000v\000i\000m\000e\000n\000t\000o\000s\000\040\000o\000b\000s\000e\000r\000v\000\341\000v\000e\000i\000s\000\040\000d\000u\000r\000a\000n\000t\000e\000\040\000a\000\040\000b\000r\000o\000n\000c\000o\000s\000c\000o\000p\000i\000a}{chapter.2}% 17
\BOOKMARK [2][-]{subsection.2.5.1}{\376\377\000M\000o\000v\000i\000m\000e\000n\000t\000o\000\040\000r\000e\000s\000p\000i\000r\000a\000t\000\363\000r\000i\000o}{section.2.5}% 18
\BOOKMARK [2][-]{subsection.2.5.2}{\376\377\000M\000o\000v\000i\000m\000e\000n\000t\000o\000\040\000c\000a\000r\000d\000\355\000a\000c\000o}{section.2.5}% 19
\BOOKMARK [2][-]{subsection.2.5.3}{\376\377\000T\000o\000s\000s\000e\000\040\000e\000\040\000p\000e\000r\000t\000u\000r\000b\000a\000\347\000\365\000e\000s\000\040\000r\000\341\000p\000i\000d\000a\000s}{section.2.5}% 20
\BOOKMARK [2][-]{subsection.2.5.4}{\376\377\000I\000n\000t\000e\000r\000a\000\347\000\343\000o\000\040\000c\000o\000m\000\040\000o\000\040\000b\000r\000o\000n\000c\000o\000s\000c\000\363\000p\000i\000o}{section.2.5}% 21
\BOOKMARK [2][-]{subsection.2.5.5}{\376\377\000P\000a\000t\000o\000l\000o\000g\000i\000a\000s\000\040\000e\000\040\000d\000e\000f\000o\000r\000m\000a\000\347\000\365\000e\000s\000\040\000l\000o\000c\000a\000i\000s}{section.2.5}% 22
\BOOKMARK [1][-]{section.2.6}{\376\377\000S\000\355\000n\000t\000e\000s\000e\000\040\000c\000r\000\355\000t\000i\000c\000a}{chapter.2}% 23
\BOOKMARK [0][-]{chapter.3}{\376\377\000D\000e\000s\000e\000n\000v\000o\000l\000v\000i\000m\000e\000n\000t\000o\000\040\000d\000o\000\040\000H\000a\000r\000d\000w\000a\000r\000e}{}% 24
\BOOKMARK [1][-]{section.3.1}{\376\377\000R\000e\000q\000u\000i\000s\000i\000t\000o\000s\000\040\000d\000o\000\040\000s\000i\000s\000t\000e\000m\000a}{chapter.3}% 25
\BOOKMARK [1][-]{section.3.2}{\376\377\000M\000o\000d\000e\000l\000o\000\040\000f\000\355\000s\000i\000c\000o\000\040\000d\000a\000\040\000\341\000r\000v\000o\000r\000e\000\040\000b\000r\000\364\000n\000q\000u\000i\000c\000a}{chapter.3}% 26
\BOOKMARK [1][-]{section.3.3}{\376\377\000S\000e\000l\000e\000\347\000\343\000o\000\040\000d\000o\000\040\000s\000i\000s\000t\000e\000m\000a\000\040\000d\000e\000\040\000a\000t\000u\000a\000\347\000\343\000o}{chapter.3}% 27
\BOOKMARK [1][-]{section.3.4}{\376\377\000M\000o\000v\000i\000m\000e\000n\000t\000o\000s\000\040\000r\000e\000p\000r\000e\000s\000e\000n\000t\000a\000d\000o\000s\000\040\000n\000o\000\040\000p\000r\000o\000t\000\363\000t\000i\000p\000o}{chapter.3}% 28
\BOOKMARK [1][-]{section.3.5}{\376\377\000E\000l\000e\000t\000r\000\363\000n\000i\000c\000a\000\040\000d\000e\000\040\000c\000o\000n\000t\000r\000o\000l\000o\000\040\000e\000\040\000a\000l\000i\000m\000e\000n\000t\000a\000\347\000\343\000o}{chapter.3}% 29
\BOOKMARK [1][-]{section.3.6}{\376\377\000I\000n\000t\000e\000g\000r\000a\000\347\000\343\000o\000\040\000m\000e\000c\000\342\000n\000i\000c\000a\000\040\000e\000\040\000s\000e\000g\000u\000r\000a\000n\000\347\000a}{chapter.3}% 30
\BOOKMARK [0][-]{chapter.4}{\376\377\000D\000e\000s\000e\000n\000v\000o\000l\000v\000i\000m\000e\000n\000t\000o\000s\000\040\000d\000o\000\040\000S\000o\000f\000t\000w\000a\000r\000e\000\040\000e\000\040\000C\000o\000n\000f\000i\000g\000u\000r\000a\000\347\000\365\000e\000s}{}% 31
\BOOKMARK [1][-]{section.4.1}{\376\377\000A\000r\000q\000u\000i\000t\000e\000t\000u\000r\000a\000\040\000g\000e\000r\000a\000l\000\040\000d\000o\000\040\000s\000o\000f\000t\000w\000a\000r\000e}{chapter.4}% 32
\BOOKMARK [1][-]{section.4.2}{\376\377\000A\000m\000b\000i\000e\000n\000t\000e\000\040\000d\000e\000\040\000d\000e\000s\000e\000n\000v\000o\000l\000v\000i\000m\000e\000n\000t\000o}{chapter.4}% 33
\BOOKMARK [1][-]{section.4.3}{\376\377\000E\000s\000t\000r\000u\000t\000u\000r\000a\000s\000\040\000d\000e\000\040\000d\000a\000d\000o\000s}{chapter.4}% 34
\BOOKMARK [1][-]{section.4.4}{\376\377\000P\000e\000r\000f\000i\000s\000\040\000d\000e\000\040\000m\000o\000v\000i\000m\000e\000n\000t\000o}{chapter.4}% 35
\BOOKMARK [1][-]{section.4.5}{\376\377\000M\000\341\000q\000u\000i\000n\000a\000\040\000d\000e\000\040\000e\000s\000t\000a\000d\000o\000s\000\040\000d\000e\000\040\000m\000o\000v\000i\000m\000e\000n\000t\000o}{chapter.4}% 36
\BOOKMARK [1][-]{section.4.6}{\376\377\000C\000i\000n\000e\000m\000\341\000t\000i\000c\000a\000\040\000i\000n\000v\000e\000r\000s\000a\000\040\000d\000o\000\040\000m\000a\000n\000i\000p\000u\000l\000a\000d\000o\000r\000\040\000d\000e\000l\000t\000a}{chapter.4}% 37
\BOOKMARK [1][-]{section.4.7}{\376\377\000C\000o\000m\000u\000n\000i\000c\000a\000\347\000\343\000o\000\040\000s\000\351\000r\000i\000e\000\040\000e\000\040\000c\000o\000m\000a\000n\000d\000o\000s}{chapter.4}% 38
\BOOKMARK [1][-]{section.4.8}{\376\377\000P\000r\000e\000p\000a\000r\000a\000\347\000\343\000o\000\040\000e\000\040\000s\000i\000n\000c\000r\000o\000n\000i\000z\000a\000\347\000\343\000o\000\040\000d\000a\000\040\000t\000o\000s\000s\000e}{chapter.4}% 39
\BOOKMARK [1][-]{section.4.9}{\376\377\000D\000e\000p\000u\000r\000a\000\347\000\343\000o\000\040\000e\000\040\000v\000a\000l\000i\000d\000a\000\347\000\343\000o\000\040\000i\000n\000t\000e\000r\000n\000a}{chapter.4}% 40
\BOOKMARK [0][-]{chapter.5}{\376\377\000T\000e\000s\000t\000e\000s\000\040\000e\000\040\000A\000n\000\341\000l\000i\000s\000e\000\040\000d\000e\000\040\000R\000e\000s\000u\000l\000t\000a\000d\000o\000s}{}% 41
\BOOKMARK [1][-]{section*.25}{\376\377\000N\000o\000t\000a\000\040\000s\000o\000b\000r\000e\000\040\000o\000\040\000e\000s\000t\000a\000d\000o\000\040\000a\000t\000u\000a\000l\000\040\000d\000o\000\040\000c\000a\000p\000\355\000t\000u\000l\000o}{chapter.5}% 42
\BOOKMARK [1][-]{section.5.1}{\376\377\000P\000l\000a\000n\000o\000\040\000d\000e\000\040\000t\000e\000s\000t\000e\000s}{chapter.5}% 43
\BOOKMARK [1][-]{section.5.2}{\376\377\000T\000e\000s\000t\000e\000s\000\040\000d\000o\000\040\000m\000o\000d\000e\000l\000o\000\040\000f\000\355\000s\000i\000c\000o}{chapter.5}% 44
\BOOKMARK [1][-]{section.5.3}{\376\377\000T\000e\000s\000t\000e\000s\000\040\000d\000o\000s\000\040\000a\000t\000u\000a\000d\000o\000r\000e\000s\000\040\000e\000\040\000d\000a\000\040\000e\000s\000t\000r\000u\000t\000u\000r\000a\000\040\000d\000e\000l\000t\000a}{chapter.5}% 45
\BOOKMARK [1][-]{section.5.4}{\376\377\000T\000e\000s\000t\000e\000s\000\040\000d\000e\000\040\000a\000l\000i\000m\000e\000n\000t\000a\000\347\000\343\000o}{chapter.5}% 46
\BOOKMARK [1][-]{section.5.5}{\376\377\000T\000e\000s\000t\000e\000s\000\040\000d\000e\000\040\000s\000o\000f\000t\000w\000a\000r\000e}{chapter.5}% 47
\BOOKMARK [1][-]{section.5.6}{\376\377\000T\000e\000s\000t\000e\000s\000\040\000d\000e\000\040\000c\000o\000m\000u\000n\000i\000c\000a\000\347\000\343\000o\000\040\000s\000\351\000r\000i\000e}{chapter.5}% 48
\BOOKMARK [1][-]{section.5.7}{\376\377\000T\000e\000s\000t\000e\000s\000\040\000d\000e\000\040\000i\000n\000t\000e\000g\000r\000a\000\347\000\343\000o\000\040\000d\000o\000s\000\040\000m\000o\000v\000i\000m\000e\000n\000t\000o\000s}{chapter.5}% 49
\BOOKMARK [1][-]{section.5.8}{\376\377\000C\000r\000i\000t\000\351\000r\000i\000o\000s\000\040\000d\000e\000\040\000a\000c\000e\000i\000t\000a\000\347\000\343\000o}{chapter.5}% 50
\BOOKMARK [1][-]{section.5.9}{\376\377\000I\000n\000f\000o\000r\000m\000a\000\347\000\343\000o\000\040\000e\000x\000p\000e\000r\000i\000m\000e\000n\000t\000a\000l\000\040\000e\000m\000\040\000f\000a\000l\000t\000a}{chapter.5}% 51
\BOOKMARK [0][-]{chapter.6}{\376\377\000C\000o\000n\000c\000l\000u\000s\000\343\000o}{}% 52
\BOOKMARK [1][-]{section.6.1}{\376\377\000S\000\355\000n\000t\000e\000s\000e\000\040\000d\000o\000\040\000t\000r\000a\000b\000a\000l\000h\000o}{chapter.6}% 53
\BOOKMARK [1][-]{section.6.2}{\376\377\000P\000r\000i\000n\000c\000i\000p\000a\000i\000s\000\040\000c\000o\000n\000t\000r\000i\000b\000u\000t\000o\000s}{chapter.6}% 54
\BOOKMARK [1][-]{section.6.3}{\376\377\000L\000i\000m\000i\000t\000a\000\347\000\365\000e\000s}{chapter.6}% 55
\BOOKMARK [1][-]{section.6.4}{\376\377\000T\000r\000a\000b\000a\000l\000h\000o\000\040\000f\000u\000t\000u\000r\000o}{chapter.6}% 56
\BOOKMARK [0][-]{chapter*.26}{\376\377\000B\000i\000b\000l\000i\000o\000g\000r\000a\000f\000i\000a}{}% 57
\BOOKMARK [0][-]{appendix.A}{\376\377\000A\000n\000e\000x\000o\000s}{}% 58
\BOOKMARK [1][-]{section.A.1}{\376\377\000A\000n\000e\000x\000o\000\040\000A\000:\000\040\000D\000e\000s\000e\000n\000h\000o\000s\000\040\000t\000\351\000c\000n\000i\000c\000o\000s\000\040\000e\000\040\000m\000o\000d\000e\000l\000o\000\040\0003\000D}{appendix.A}% 59
\BOOKMARK [1][-]{section.A.2}{\376\377\000A\000n\000e\000x\000o\000\040\000B\000:\000\040\000L\000i\000s\000t\000a\000\040\000d\000e\000\040\000m\000a\000t\000e\000r\000i\000a\000i\000s}{appendix.A}% 60
\BOOKMARK [1][-]{section.A.3}{\376\377\000A\000n\000e\000x\000o\000\040\000C\000:\000\040\000D\000a\000t\000a\000s\000h\000e\000e\000t\000s}{appendix.A}% 61
\BOOKMARK [1][-]{section.A.4}{\376\377\000A\000n\000e\000x\000o\000\040\000D\000:\000\040\000C\000\363\000d\000i\000g\000o\000\040\000e\000\040\000c\000o\000n\000f\000i\000g\000u\000r\000a\000\347\000\365\000e\000s}{appendix.A}% 62
\BOOKMARK [1][-]{section.A.5}{\376\377\000A\000n\000e\000x\000o\000\040\000E\000:\000\040\000P\000r\000o\000t\000o\000c\000o\000l\000o\000s\000\040\000d\000e\000\040\000t\000e\000s\000t\000e}{appendix.A}% 63
